<?xml version="1.0" encoding="UTF-8"?>
<!-- Generated by org.testng.reporters.JUnitReportReporter -->
<testsuite hostname="DESKTOP-LLLGMOJ" failures="0" tests="3" name="runner.TestRunner" time="22.801" errors="0" timestamp="2024-06-13T08:57:17 IST" skipped="0">
  <testcase classname="runner.TestRunner" name="runScenario" time="6.492"/>
  <testcase classname="runner.TestRunner" name="runScenario" time="6.647"/>
  <testcase classname="runner.TestRunner" name="runScenario" time="9.662"/>
</testsuite> <!-- runner.TestRunner -->
