<?xml version="1.0" encoding="UTF-8"?>
<!-- Generated by org.testng.reporters.JUnitReportReporter -->
<testsuite hostname="DESKTOP-LLLGMOJ" failures="0" tests="3" name="runner.TestRunner" time="36.746" errors="0" timestamp="2024-06-13T09:33:11 IST" skipped="0">
  <testcase classname="runner.TestRunner" name="runScenario" time="0.019"/>
  <testcase classname="runner.TestRunner" name="runScenario" time="15.668"/>
  <testcase classname="runner.TestRunner" name="runScenario" time="21.059"/>
</testsuite> <!-- runner.TestRunner -->
