<?xml version="1.0" encoding="UTF-8"?>
<!-- Generated by org.testng.reporters.JUnitReportReporter -->
<testsuite hostname="DESKTOP-LLLGMOJ" failures="0" tests="6" name="api.testcase.UserTestWithExcel" time="12.439" errors="0" timestamp="2024-07-16T07:20:59 IST" skipped="0">
  <testcase classname="api.testcase.UserTestWithExcel" name="testPostUser" time="1.126"/>
  <testcase classname="api.testcase.UserTestWithExcel" name="testPostUser" time="6.887"/>
  <testcase classname="api.testcase.UserTestWithExcel" name="testPostUser" time="1.122"/>
  <testcase classname="api.testcase.UserTestWithExcel" name="testDeleteUser" time="1.123"/>
  <testcase classname="api.testcase.UserTestWithExcel" name="testDeleteUser" time="1.081"/>
  <testcase classname="api.testcase.UserTestWithExcel" name="testDeleteUser" time="1.100"/>
</testsuite> <!-- api.testcase.UserTestWithExcel -->
