<?xml version="1.0" encoding="UTF-8"?>
<!-- Generated by org.testng.reporters.JUnitReportReporter -->
<testsuite hostname="DESKTOP-LLLGMOJ" failures="0" tests="4" name="api.testcase.UserTests2" time="5.565" errors="0" timestamp="2024-05-27T08:48:40 IST" skipped="0">
  <testcase classname="api.testcase.UserTests2" name="testPostUser" time="1.166"/>
  <testcase classname="api.testcase.UserTests2" name="testGetUserByName" time="1.118"/>
  <testcase classname="api.testcase.UserTests2" name="testUpdateUserByName" time="2.200"/>
  <testcase classname="api.testcase.UserTests2" name="testDeleteUserByName" time="1.081"/>
</testsuite> <!-- api.testcase.UserTests2 -->
