<?xml version="1.0" encoding="UTF-8"?>
<!-- Generated by org.testng.reporters.JUnitReportReporter -->
<testsuite hostname="DESKTOP-LLLGMOJ" failures="0" tests="4" name="api.testcase.UserTests" time="11.332" errors="0" timestamp="2024-07-15T07:49:19 IST" skipped="0">
  <testcase classname="api.testcase.UserTests" name="testPostUser" time="6.871"/>
  <testcase classname="api.testcase.UserTests" name="testGetUser" time="1.201"/>
  <testcase classname="api.testcase.UserTests" name="testUpdateUser" time="2.187"/>
  <testcase classname="api.testcase.UserTests" name="testDeleteUser" time="1.073"/>
</testsuite> <!-- api.testcase.UserTests -->
