<?xml version="1.0" encoding="UTF-8"?>
<!-- Generated by org.testng.reporters.JUnitReportReporter -->
<testsuite hostname="DESKTOP-LLLGMOJ" failures="0" tests="6" name="api.testcase.UserTestWithExcel" time="6.838" errors="0" timestamp="2024-05-27T08:48:40 IST" skipped="0">
  <testcase classname="api.testcase.UserTestWithExcel" name="testPostUser" time="1.130"/>
  <testcase classname="api.testcase.UserTestWithExcel" name="testPostUser" time="1.085"/>
  <testcase classname="api.testcase.UserTestWithExcel" name="testPostUser" time="1.126"/>
  <testcase classname="api.testcase.UserTestWithExcel" name="testDeleteUser" time="1.194"/>
  <testcase classname="api.testcase.UserTestWithExcel" name="testDeleteUser" time="1.110"/>
  <testcase classname="api.testcase.UserTestWithExcel" name="testDeleteUser" time="1.193"/>
</testsuite> <!-- api.testcase.UserTestWithExcel -->
