<?xml version="1.0" encoding="UTF-8"?>
<!-- Generated by org.testng.reporters.JUnitReportReporter -->
<testsuite hostname="DESKTOP-LLLGMOJ" failures="0" tests="1" name="api.testcase.UserTests" time="10.158" errors="0" timestamp="2024-07-16T07:31:19 IST" skipped="0">
  <testcase classname="api.testcase.UserTests" name="testPostUser" time="10.158"/>
</testsuite> <!-- api.testcase.UserTests -->
