<?xml version="1.0" encoding="UTF-8"?>
<!-- Generated by org.testng.reporters.JUnitReportReporter -->
<testsuite hostname="DESKTOP-LLLGMOJ" failures="0" tests="1" name="day1.jsonObjectAndArray.Example1" time="0.031" errors="0" timestamp="2024-07-12T07:39:18 IST" skipped="0">
  <testcase classname="day1.jsonObjectAndArray.Example1" name="stringIntoJSONObject" time="0.031"/>
  <system-out/>
</testsuite> <!-- day1.jsonObjectAndArray.Example1 -->
