<?xml version="1.0" encoding="UTF-8"?>
<!-- Generated by org.testng.reporters.JUnitReportReporter -->
<testsuite hostname="DESKTOP-LLLGMOJ" failures="0" tests="1" name="day3.restassuedexamples.ApiOperations" time="5.437" errors="0" timestamp="2024-07-13T07:57:10 IST" skipped="0">
  <testcase classname="day3.restassuedexamples.ApiOperations" name="deleteOps" time="5.437"/>
  <system-out/>
</testsuite> <!-- day3.restassuedexamples.ApiOperations -->
