<?xml version="1.0" encoding="UTF-8"?>
<!-- Generated by org.testng.reporters.JUnitReportReporter -->
<testsuite hostname="DESKTOP-LLLGMOJ" failures="0" tests="1" name="day1.jsonObjectAndArray.Example2" time="0.015" errors="0" timestamp="2024-07-12T07:32:53 IST" skipped="0">
  <testcase classname="day1.jsonObjectAndArray.Example2" name="addingJSONObjectIntoJSONArray" time="0.015"/>
  <system-out/>
</testsuite> <!-- day1.jsonObjectAndArray.Example2 -->
