<?xml version="1.0" encoding="UTF-8"?>
<!-- Generated by org.testng.reporters.JUnitReportReporter -->
<testsuite hostname="DESKTOP-LLLGMOJ" failures="0" tests="3" name="runner.TestRunner" time="35.828" errors="0" timestamp="2024-06-13T09:30:23 IST" skipped="0">
  <testcase classname="runner.TestRunner" name="runScenario" time="18.571"/>
  <testcase classname="runner.TestRunner" name="runScenario" time="0.017"/>
  <testcase classname="runner.TestRunner" name="runScenario" time="17.240"/>
</testsuite> <!-- runner.TestRunner -->
