<?xml version="1.0" encoding="UTF-8"?>
<!-- Generated by org.testng.reporters.JUnitReportReporter -->
<testsuite hostname="DESKTOP-LLLGMOJ" failures="0" tests="6" name="api.testcase.UserTestWithExcel" time="6.517" errors="0" timestamp="2024-07-16T07:35:19 IST" skipped="0">
  <testcase classname="api.testcase.UserTestWithExcel" name="testPostUser" time="1.114"/>
  <testcase classname="api.testcase.UserTestWithExcel" name="testPostUser" time="1.016"/>
  <testcase classname="api.testcase.UserTestWithExcel" name="testPostUser" time="1.087"/>
  <testcase classname="api.testcase.UserTestWithExcel" name="testDeleteUser" time="1.051"/>
  <testcase classname="api.testcase.UserTestWithExcel" name="testDeleteUser" time="1.040"/>
  <testcase classname="api.testcase.UserTestWithExcel" name="testDeleteUser" time="1.209"/>
</testsuite> <!-- api.testcase.UserTestWithExcel -->
