<?xml version="1.0" encoding="UTF-8"?>
<!-- Generated by org.testng.reporters.JUnitReportReporter -->
<testsuite hostname="DESKTOP-LLLGMOJ" failures="0" tests="4" name="api.testcase.UserTests2" time="5.530" errors="0" timestamp="2024-07-16T07:35:19 IST" skipped="0">
  <testcase classname="api.testcase.UserTests2" name="testPostUser" time="1.102"/>
  <testcase classname="api.testcase.UserTests2" name="testGetUserByName" time="1.153"/>
  <testcase classname="api.testcase.UserTests2" name="testUpdateUserByName" time="2.224"/>
  <testcase classname="api.testcase.UserTests2" name="testDeleteUserByName" time="1.051"/>
</testsuite> <!-- api.testcase.UserTests2 -->
