<?xml version="1.0" encoding="UTF-8"?>
<!-- Generated by org.testng.reporters.JUnitReportReporter -->
<testsuite hostname="DESKTOP-LLLGMOJ" failures="0" tests="4" name="api.testcase.UserTests" time="12.225" errors="0" timestamp="2024-07-16T07:35:19 IST" skipped="0">
  <testcase classname="api.testcase.UserTests" name="testPostUser" time="7.633"/>
  <testcase classname="api.testcase.UserTests" name="testGetUser" time="1.231"/>
  <testcase classname="api.testcase.UserTests" name="testUpdateUser" time="2.233"/>
  <testcase classname="api.testcase.UserTests" name="testDeleteUser" time="1.128"/>
</testsuite> <!-- api.testcase.UserTests -->
